<testsuite name="Diffed Test Suite" tests="86" failures="1" errors="0" time="8531.25">
  <testcase name="[rfe_id:127][posneg:negative][crit:medium][vendor:cnv-qe@redhat.com][level:component][sig-compute]Console [rfe_id:127][posneg:negative][crit:medium][vendor:cnv-qe@redhat.com][level:component]A new VirtualMachineInstance with a serial console with an alpine image should return that we are running alpine [test_id:4637][storage-req]with Filesystem Disk" classname="Tests Suite" status="" time="31.729010612"></testcase>
  <testcase name="[sig-storage] Hotplug [storage-req] Online VM should add/remove volume with PersistentVolume immediate attach" classname="Tests Suite" status="" time="52.516874433"></testcase>
  <testcase name="[sig-storage] Hotplug [storage-req] Online VM should add/remove volume with DataVolume immediate attach, VMI directly" classname="Tests Suite" status="" time="53.978305894"></testcase>
  <testcase name="[sig-storage] Hotplug [storage-req] Online VM Should be able to add and remove multiple volumes with VMIs" classname="Tests Suite" status="" time="193.406752284"></testcase>
  <testcase name="[sig-storage] Hotplug [storage-req] Online VM should permanently add hotplug volume when added to VM, but still unpluggable after restart" classname="Tests Suite" status="" time="125.87931225"></testcase>
  <testcase name="[sig-storage] DataVolume Integration [rfe_id:3188][crit:high][vendor:cnv-qe@redhat.com][level:system] DataVolume clone permission checking using Alpine import/clone [storage-req] deny then allow clone request [test_id:3194]with implicit role" classname="Tests Suite" status="" time="68.864311944"></testcase>
  <testcase name="[sig-storage] VirtualMachineSnapshot Tests [storage-req] With online vm snapshot [test_id:6767]with volumes and guest agent available" classname="Tests Suite" status="" time="63.106190299"></testcase>
  <testcase name="[sig-storage] VirtualMachineSnapshot Tests [storage-req] With online vm snapshot [test_id:6769]without volumes with guest agent available" classname="Tests Suite" status="" time="42.364846064"></testcase>
  <testcase name="[sig-storage] VirtualMachineSnapshot Tests [storage-req] With online vm snapshot [test_id:7472]should succeed online snapshot with hot plug disk" classname="Tests Suite" status="" time="99.945961804"></testcase>
  <testcase name="[sig-storage] VirtualMachineSnapshot Tests [storage-req] With online vm snapshot with memory dump should include memory dump in vm snapshot" classname="Tests Suite" status="" time="94.086903305"></testcase>
  <testcase name="[sig-storage] VirtualMachineSnapshot Tests [storage-req] With more complicated VM [test_id:6838]snapshot should fail when deadline exceeded due to volume snapshots failure" classname="Tests Suite" status="" time="75.460743299"></testcase>
  <testcase name="[sig-storage] VirtualMachineRestore Tests [storage-req] With a more complicated VM should restore a vm that boots from a datavolumetemplate [test_id:5260] to the same VM" classname="Tests Suite" status="" time="100.1056442"></testcase>
  <testcase name="[sig-storage] VirtualMachineRestore Tests [storage-req] With a more complicated VM should restore a vm that boots from a datavolume (not template) to a new VM" classname="Tests Suite" status="" time="126.693852931"></testcase>
  <testcase name="[sig-storage] VirtualMachineRestore Tests [storage-req] With a more complicated VM should restore a vm with containerdisk and blank datavolume [test_id:5263] to the same VM" classname="Tests Suite" status="" time="103.091812008"></testcase>
  <testcase name="[sig-storage] VirtualMachineRestore Tests [storage-req] With a more complicated VM should restore a vm from an online snapshot [test_id:6053] to the same VM" classname="Tests Suite" status="" time="78.383047879"></testcase>
  <testcase name="[sig-storage] VirtualMachineRestore Tests [storage-req] With a more complicated VM should restore a vm from an online snapshot with guest agent to a new VM" classname="Tests Suite" status="" time="133.05158862"></testcase>
  <testcase name="[sig-storage] VirtualMachineRestore Tests [storage-req] With a more complicated VM should restore vm spec at startup without new changes" classname="Tests Suite" status="" time="142.882073736"></testcase>
  <testcase name="[sig-storage] VirtualMachineRestore Tests [storage-req] With a more complicated VM with memory dump should not restore memory dump volume to the same VM" classname="Tests Suite" status="" time="209.987339587"></testcase>
  <testcase name="[sig-storage] VirtualMachineRestore Tests [storage-req] With a more complicated VM with cross namespace clone ability should restore a vm that boots from a network cloned datavolumetemplate to the same VM" classname="Tests Suite" status="" time="138.135823358"></testcase>
  <testcase name="[sig-storage] VirtualMachineRestore Tests [storage-req] With a more complicated VM with cross namespace clone ability should restore a vm that boots from a network cloned datavolume (not template) to a new VM" classname="Tests Suite" status="" time="123.645633088"></testcase>
  <testcase name="[sig-storage] Storage Starting a VirtualMachineInstance [storage-req][rfe_id:2288][crit:high][vendor:cnv-qe@redhat.com][level:component]With Alpine block volume PVC [test_id:3139]should be successfully started" classname="Tests Suite" status="" time="40.131868322"></testcase>
  <testcase name="[rfe_id:127][posneg:negative][crit:medium][vendor:cnv-qe@redhat.com][level:component][sig-compute]Console [rfe_id:127][posneg:negative][crit:medium][vendor:cnv-qe@redhat.com][level:component]A new VirtualMachineInstance with a serial console with an alpine image should return that we are running alpine [test_id:4638][storage-req]with Block Disk" classname="Tests Suite" status="" time="32.847654806"></testcase>
  <testcase name="[sig-storage] Hotplug [storage-req] Online VM should add/remove volume with DataVolume wait for VM to finish starting" classname="Tests Suite" status="" time="52.530152733"></testcase>
  <testcase name="[sig-storage] Hotplug [storage-req] Online VM should add/remove volume with PersistentVolume immediate attach, VMI directly" classname="Tests Suite" status="" time="49.687028468"></testcase>
  <testcase name="[sig-storage] Hotplug [storage-req] Online VM Should be able to add and remove multiple volumes with VMs" classname="Tests Suite" status="" time="159.097307629"></testcase>
  <testcase name="[sig-storage] Hotplug [storage-req] Online VM Should be able to add and remove and re-add multiple volumes with VMIs" classname="Tests Suite" status="" time="140.810919498"></testcase>
  <testcase name="[sig-storage] Hotplug [storage-req] Online VM should reject hotplugging a volume with the same name as an existing volume" classname="Tests Suite" status="" time="11.686143226"></testcase>
  <testcase name="[sig-storage] Hotplug [storage-req] VMI migration should allow live migration with attached hotplug volumes" classname="Tests Suite" status="" time="48.051608261"></testcase>
  <testcase name="[sig-storage] DataVolume Integration [storage-req]PVC expansion PVC expansion is detected by VM and can be fully used with Block PVC" classname="Tests Suite" status="" time="49.60203031"></testcase>
  <testcase name="[sig-storage] DataVolume Integration [rfe_id:3188][crit:high][vendor:cnv-qe@redhat.com][level:system] DataVolume clone permission checking using Alpine import/clone [storage-req] deny then allow clone request [test_id:5253]with explicit role (all namespaces)" classname="Tests Suite" status="" time="88.69901951"></testcase>
  <testcase name="[sig-storage] VirtualMachineSnapshot Tests [storage-req] With online vm snapshot [test_id:6768]with volumes and no guest agent available" classname="Tests Suite" status="" time="49.277771225"></testcase>
  <testcase name="[sig-storage] VirtualMachineSnapshot Tests [storage-req] With online vm snapshot [test_id:6949]should unfreeze vm if snapshot fails when deadline exceeded" classname="Tests Suite" status="" time="147.548508956"></testcase>
  <testcase name="[sig-storage] VirtualMachineSnapshot Tests [storage-req] With more complicated VM VM should contain snapshot status for all volumes" classname="Tests Suite" status="" time="21.291897932"></testcase>
  <testcase name="[sig-storage] VirtualMachineSnapshot Tests [storage-req] With more complicated VM should not error if VolumeSnapshot has error" classname="Tests Suite" status="" time="28.359145264"></testcase>
  <testcase name="[sig-storage] VirtualMachineSnapshot Tests [storage-req] with independent DataVolume should accurately report DataVolume provisioning with DataVolume volume" classname="Tests Suite" status="" time="6.245075232"></testcase>
  <testcase name="[sig-storage] VirtualMachineSnapshot Tests [storage-req] with independent DataVolume should accurately report DataVolume provisioning with PVC volume" classname="Tests Suite" status="" time="18.297896408"></testcase>
  <testcase name="[sig-storage] VirtualMachineRestore Tests [storage-req] With a more complicated VM [test_id:5259]should restore a vm multiple from the same snapshot" classname="Tests Suite" status="" time="45.491545737"></testcase>
  <testcase name="[sig-storage] VirtualMachineRestore Tests [storage-req] With a more complicated VM should restore a vm with restore size bigger then PVC size to a new VM" classname="Tests Suite" status="" time="95.496524931"></testcase>
  <testcase name="[sig-storage] VirtualMachineRestore Tests [storage-req] With a more complicated VM should restore a vm that boots from a datavolume (not template) [test_id:5261] to the same VM" classname="Tests Suite" status="" time="103.147264416"></testcase>
  <testcase name="[sig-storage] VirtualMachineRestore Tests [storage-req] With a more complicated VM should restore a vm that boots from a PVC to a new VM" classname="Tests Suite" status="" time="103.752007797"></testcase>
  <testcase name="[sig-storage] VirtualMachineRestore Tests [storage-req] With a more complicated VM should reject vm start if restore in progress" classname="Tests Suite" status="" time="86.933864297"></testcase>
  <testcase name="[sig-storage] VirtualMachineRestore Tests [storage-req] With a more complicated VM should restore a vm from an online snapshot with guest agent [test_id:6766] to the same VM" classname="Tests Suite" status="" time="108.626405025"></testcase>
  <testcase name="[sig-storage] VirtualMachineRestore Tests [storage-req] With a more complicated VM should restore an online vm snapshot that boots from a datavolumetemplate with guest agent to a new VM" classname="Tests Suite" status="" time="176.563229746"></testcase>
  <testcase name="[sig-storage] VirtualMachineRestore Tests [storage-req] With a more complicated VM should restore vm with hot plug disks to a new VM" classname="Tests Suite" status="" time="247.699915684"></testcase>
  <testcase name="[sig-storage] VirtualMachineRestore Tests [storage-req] With a more complicated VM with cross namespace clone ability should restore a vm that boots from a network cloned datavolumetemplate to a new VM" classname="Tests Suite" status="" time="152.663095176"></testcase>
  <testcase name="[sig-compute]Configurations Block size configuration set [test_id:6965][storage-req]Should set BlockIO when using custom block sizes" classname="Tests Suite" status="" time="21.999758195"></testcase>
  <testcase name="[sig-compute]Configurations Block size configuration set [test_id:6966][storage-req]Should set BlockIO when set to match volume block sizes on block devices" classname="Tests Suite" status="" time="64.219775294"></testcase>
  <testcase name="[sig-storage] Storage Starting a VirtualMachineInstance [storage-req] With a volumeMode block backed ephemeral disk should generate the block backingstore disk within the domain" classname="Tests Suite" status="" time="28.118644118"></testcase>
  <testcase name="[sig-storage] Hotplug [storage-req] Online VM should add/remove volume with DataVolume immediate attach" classname="Tests Suite" status="" time="51.253969449"></testcase>
  <testcase name="[sig-storage] Hotplug [storage-req] Online VM should add/remove volume with PersistentVolume wait for VM to finish starting" classname="Tests Suite" status="" time="50.383944053"></testcase>
  <testcase name="[sig-storage] Hotplug [storage-req] Online VM should add/remove volume with Block DataVolume immediate attach" classname="Tests Suite" status="" time="52.227159566"></testcase>
  <testcase name="[sig-storage] Hotplug [storage-req] Online VM Should be able to add and remove multiple volumes with VMs and block" classname="Tests Suite" status="" time="109.991729996"></testcase>
  <testcase name="[sig-storage] Hotplug [storage-req] Online VM Should be able to add and remove and re-add multiple volumes with VMs" classname="Tests Suite" status="" time="172.686563658"></testcase>
  <testcase name="[sig-storage] Hotplug [storage-req] Online VM should allow hotplugging both a filesystem and block volume" classname="Tests Suite" status="" time="59.024812751"></testcase>
  <testcase name="[sig-storage] DataVolume Integration [rfe_id:3188][crit:high][vendor:cnv-qe@redhat.com][level:system] DataVolume clone permission checking using Alpine import/clone [storage-req] deny then allow clone request [test_id:3193]with explicit role" classname="Tests Suite" status="" time="70.75733235"></testcase>
  <testcase name="[sig-storage] DataVolume Integration [rfe_id:3188][crit:high][vendor:cnv-qe@redhat.com][level:system] DataVolume clone permission checking using Alpine import/clone [storage-req] deny then allow clone request [test_id:5254]with explicit role (one namespace)" classname="Tests Suite" status="" time="69.580070722"></testcase>
  <testcase name="[sig-storage] VirtualMachineSnapshot Tests [storage-req] With online vm snapshot [test_id:6837]delete snapshot after freeze, expect vm unfreeze" classname="Tests Suite" status="" time="97.315490167"></testcase>
  <testcase name="[sig-storage] VirtualMachineSnapshot Tests [storage-req] With online vm snapshot Calling Velero hooks should freeze/unfreeze VM" classname="Tests Suite" status="" time="48.915961999"></testcase>
  <testcase name="[sig-storage] VirtualMachineSnapshot Tests [storage-req] With more complicated VM [test_id:4611]should successfully create a snapshot" classname="Tests Suite" status="" time="18.656992544"></testcase>
  <testcase name="[sig-storage] VirtualMachineSnapshot Tests [storage-req] With more complicated VM should successfully recreate status" classname="Tests Suite" status="" time="21.313693306"></testcase>
  <testcase name="[sig-storage] VirtualMachineSnapshot Tests [storage-req] With more complicated VM should error if VolumeSnapshot deleted" classname="Tests Suite" status="" time="22.323891563"></testcase>
  <testcase name="[sig-storage] VirtualMachineSnapshot Tests [storage-req] With more complicated VM [test_id:6952]snapshot change phase to in progress and succeeded and then should not fail" classname="Tests Suite" status="" time="56.449860352"></testcase>
  <testcase name="[sig-storage] VirtualMachineRestore Tests [storage-req] With a more complicated VM should restore a vm with restore size bigger then PVC size to the same VM" classname="Tests Suite" status="" time="102.408538475"></testcase>
  <testcase name="[sig-storage] VirtualMachineRestore Tests [storage-req] With a more complicated VM should restore a vm that boots from a datavolumetemplate to a new VM" classname="Tests Suite" status="" time="102.355051217"></testcase>
  <testcase name="[sig-storage] VirtualMachineRestore Tests [storage-req] With a more complicated VM should restore a vm that boots from a PVC [test_id:5262] to the same VM" classname="Tests Suite" status="" time="104.265328898"></testcase>
  <testcase name="[sig-storage] VirtualMachineRestore Tests [storage-req] With a more complicated VM should restore a vm with containerdisk and blank datavolume to a new VM" classname="Tests Suite" status="" time="98.178389659"></testcase>
  <testcase name="[sig-storage] VirtualMachineRestore Tests [storage-req] With a more complicated VM should restore a vm from an online snapshot to a new VM" classname="Tests Suite" status="" time="63.503514452"></testcase>
  <testcase name="[sig-storage] VirtualMachineRestore Tests [storage-req] With a more complicated VM should restore an online vm snapshot that boots from a datavolumetemplate with guest agent [test_id:6836] to the same VM" classname="Tests Suite" status="" time="169.734733979"></testcase>
  <testcase name="[sig-storage] VirtualMachineRestore Tests [storage-req] With a more complicated VM should restore vm with hot plug disks [test_id:7425] to the same VM" classname="Tests Suite" status="" time="235.064515723"></testcase>
  <testcase name="[sig-storage] VirtualMachineRestore Tests [storage-req] With a more complicated VM with memory dump should not restore memory dump volume to a new VM" classname="Tests Suite" status="" time="173.407211401"></testcase>
  <testcase name="[sig-storage] VirtualMachineRestore Tests [storage-req] With a more complicated VM with cross namespace clone ability should restore a vm that boots from a network cloned datavolume (not template) to the same VM" classname="Tests Suite" status="" time="115.189647124"></testcase>
  <testcase name="[sig-storage] Storage Starting a VirtualMachineInstance [rfe_id:2288][crit:high][vendor:cnv-qe@redhat.com][level:component][storage-req] With Cirros BlockMode PVC [test_id:1015]should be successfully started" classname="Tests Suite" status="" time="70.889220834"></testcase>
  <testcase name="[sig-storage] Storage Starting a VirtualMachineInstance [storage-req] With a volumeMode block backed ephemeral disk should generate the pod with the volumeDevice" classname="Tests Suite" status="" time="28.12772701"></testcase>
  <testcase name="[sig-storage] [Serial]ImageUpload [storage-req] Upload an image and start a VMI with PVC [test_id:4621] Should succeed DataVolume" classname="Tests Suite" status="" time="37.23947107"></testcase>
  <testcase name="[sig-storage] [Serial]ImageUpload [storage-req] Upload an image and start a VMI with PVC [test_id:4621] Should succeed PVC" classname="Tests Suite" status="" time="26.163206133"></testcase>
  <testcase name="[sig-storage] Hotplug [storage-req] Online VM Should be able to add and remove and re-add multiple volumes [Serial] with VMs and block" classname="Tests Suite" status="" time="62.678202107"></testcase>
  <testcase name="[rfe_id:1177][crit:medium][vendor:cnv-qe@redhat.com][level:component][sig-compute]VirtualMachine A valid VirtualMachine given [test_id:1520]should update VirtualMachine once VMIs are up [Serial][storage-req]with Filesystem Disk" classname="Tests Suite" status="" time="30.166984453"></testcase>
  <testcase name="[rfe_id:1177][crit:medium][vendor:cnv-qe@redhat.com][level:component][sig-compute]VirtualMachine A valid VirtualMachine given [test_id:1520]should update VirtualMachine once VMIs are up [Serial][storage-req]with Block Disk" classname="Tests Suite" status="" time="37.17853218"></testcase>
  <testcase name="[rfe_id:1177][crit:medium][vendor:cnv-qe@redhat.com][level:component][sig-compute]VirtualMachine A valid VirtualMachine given [test_id:1521]should remove VirtualMachineInstance once the VM is marked for deletion [Serial][storage-req]with Filesystem Disk" classname="Tests Suite" status="" time="6.797946522"></testcase>
  <testcase name="[rfe_id:1177][crit:medium][vendor:cnv-qe@redhat.com][level:component][sig-compute]VirtualMachine A valid VirtualMachine given [test_id:1521]should remove VirtualMachineInstance once the VM is marked for deletion [Serial][storage-req]with Block Disk" classname="Tests Suite" status="" time="14.89201736"></testcase>
  <testcase name="[rfe_id:1177][crit:medium][vendor:cnv-qe@redhat.com][level:component][sig-compute]VirtualMachine A valid VirtualMachine given [test_id:1525]should stop VirtualMachineInstance if running set to false [Serial][storage-req]with Filesystem Disk" classname="Tests Suite" status="" time="28.088067174"></testcase>
  <testcase name="[rfe_id:1177][crit:medium][vendor:cnv-qe@redhat.com][level:component][sig-compute]VirtualMachine A valid VirtualMachine given [test_id:1525]should stop VirtualMachineInstance if running set to false [Serial][storage-req]with Block Disk" classname="Tests Suite" status="" time="24.9922326"></testcase>
  <testcase name="[sig-compute]Configurations [Serial][rfe_id:904][crit:medium][vendor:cnv-qe@redhat.com][level:component][storage-req]with driver cache and io settings and PVC [test_id:1681]should set appropriate cache modes" classname="Tests Suite" status="" time="23.716011729999998"></testcase>
  <testcase name="[sig-compute]Configurations [Serial][rfe_id:904][crit:medium][vendor:cnv-qe@redhat.com][level:component][storage-req]with driver cache and io settings and PVC [test_id:5360]should set appropriate IO modes" classname="Tests Suite" status="" time="33.35372299"></testcase>
  <testcase name="[rfe_id:273][crit:high][arm64][vendor:cnv-qe@redhat.com][level:component][sig-compute]VMIlifecycle [rfe_id:273][crit:high][vendor:cnv-qe@redhat.com][level:component]Creating a VirtualMachineInstance with non default namespace [rfe_id:273][crit:high][vendor:cnv-qe@redhat.com][level:component]should log libvirt start and stop lifecycle events of the domain [test_id:1641]kubevirt-test-default2" classname="Tests Suite" status="" time="0">
    <skipped message=""></skipped>
  </testcase>
  <testcase name="[rfe_id:273][crit:high][arm64][vendor:cnv-qe@redhat.com][level:component][sig-compute]VMIlifecycle [rfe_id:273][crit:high][vendor:cnv-qe@redhat.com][level:component]Creating a VirtualMachineInstance with non default namespace [rfe_id:273][crit:high][vendor:cnv-qe@redhat.com][level:component]should log libvirt start and stop lifecycle events of the domain [test_id:1642]kubevirt-test-alternative2" classname="Tests Suite" status="" time="0">
    <skipped message=""></skipped>
  </testcase>
</testsuite>